<testsuites id="" name="" tests="1" failures="0" skipped="0" errors="0" time="107.868503">
<testsuite name="change-logo.spec.ts" timestamp="2025-09-04T11:07:19.435Z" hostname="chromium" tests="1" failures="0" skipped="0" time="104.467" errors="0">
<testcase name="Add Shed â€º should add a shed" classname="change-logo.spec.ts" time="104.467">
<system-out>
<![CDATA[16:07:21 [[32minfo[39m] [CommonUtils]: STEP: Navigating to: https://farmdigits.outscalers.com/ 
16:07:23 [[32minfo[39m] [CommonUtils]: STEP: Waiting for page to load 
]]>
</system-out>
</testcase>
</testsuite>
</testsuites>