<testsuites id="" name="" tests="1" failures="0" skipped="0" errors="0" time="16.818520999999997">
<testsuite name="health-vaccinations.spec.ts" timestamp="2025-09-16T05:34:29.680Z" hostname="chromium" tests="1" failures="0" skipped="0" time="13.35" errors="0">
<testcase name="Health&amp;Vaccinations Directory â€º Add Health Record:" classname="health-vaccinations.spec.ts" time="13.35">
<system-out>
<![CDATA[10:34:32 [[32minfo[39m] [CommonUtils]: STEP: Navigating to: https://farmdigits.outscalers.com/ 
10:34:34 [[32minfo[39m] [CommonUtils]: STEP: Waiting for page to load 
]]>
</system-out>
</testcase>
</testsuite>
</testsuites>