<testsuites id="" name="" tests="1" failures="0" skipped="0" errors="0" time="16.612845">
<testsuite name="health-vaccinations.spec.ts" timestamp="2025-09-16T05:35:07.040Z" hostname="chromium" tests="1" failures="0" skipped="0" time="12.316" errors="0">
<testcase name="Health&amp;Vaccinations Directory â€º Add Health Record:" classname="health-vaccinations.spec.ts" time="12.316">
<system-out>
<![CDATA[10:35:10 [[32minfo[39m] [CommonUtils]: STEP: Navigating to: https://farmdigits.outscalers.com/ 
10:35:11 [[32minfo[39m] [CommonUtils]: STEP: Waiting for page to load 
]]>
</system-out>
</testcase>
</testsuite>
</testsuites>