<testsuites id="" name="" tests="4" failures="1" skipped="0" errors="0" time="41.041658000000005">
<testsuite name="add-doctor.spec.ts" timestamp="2025-09-10T10:32:05.011Z" hostname="chromium" tests="4" failures="1" skipped="0" time="133.946" errors="0">
<testcase name="Veterinarian Directory › should add a doctor" classname="add-doctor.spec.ts" time="34.14">
<system-out>
<![CDATA[15:32:08 [[32minfo[39m] [CommonUtils]: STEP: Navigating to: https://farmdigits.outscalers.com/ 
15:32:16 [[32minfo[39m] [CommonUtils]: STEP: Waiting for page to load 
]]>
</system-out>
</testcase>
<testcase name="Veterinarian Directory › should filter table results by search term" classname="add-doctor.spec.ts" time="33.244">
<failure message="add-doctor.spec.ts:27:9 should filter table results by search term" type="FAILURE">
<![CDATA[  [chromium] › add-doctor.spec.ts:27:9 › Veterinarian Directory › should filter table results by search term 

    Error: expect(locator).toContainText(expected) failed

    Locator: locator('table tbody tr').first()
    Expected string: "Damon"
    Received string: "No veterinarians found. Add your first veterinarian to get started."
    Timeout: 5000ms

    Call log:
      - Expect "toContainText" with timeout 5000ms
      - waiting for locator('table tbody tr').first()
        3 × locator resolved to <tr class="border-b transition-colors hover:bg-muted/50 data-[state=selected]:bg-muted">…</tr>
          - unexpected value "Loading veterinarians..."
        5 × locator resolved to <tr class="border-b transition-colors hover:bg-muted/50 data-[state=selected]:bg-muted">…</tr>
          - unexpected value "No veterinarians found. Add your first veterinarian to get started."


       at ..\src\pages\Health&Vaccinations.ts:97

       95 |         const firstRowText = await this.tableRows.first().innerText();
       96 |         if (!firstRowText.includes("No veterinarians found")) {
    >  97 |             await expect(this.tableRows.first()).toContainText(name);
          |                                                  ^
       98 |         } else {
       99 |             console.log(`Search result message displayed: "${firstRowText}"`);
      100 |         }
        at HealthAndVaccinationsPage.expectSearchResults (C:\Users\LENOVO\Desktop\Farm_Digit Automation Testing\src\pages\Health&Vaccinations.ts:97:50)
        at C:\Users\LENOVO\Desktop\Farm_Digit Automation Testing\tests\add-doctor.spec.ts:31:9

    attachment #1: screenshot (image/png) ──────────────────────────────────────────────────────────
    ..\reports\current\test-results\add-doctor-Veterinarian-Di-1a2ae-able-results-by-search-term-chromium\test-failed-1.png
    ────────────────────────────────────────────────────────────────────────────────────────────────

    attachment #2: video (video/webm) ──────────────────────────────────────────────────────────────
    ..\reports\current\test-results\add-doctor-Veterinarian-Di-1a2ae-able-results-by-search-term-chromium\video.webm
    ────────────────────────────────────────────────────────────────────────────────────────────────

    Error Context: ..\reports\current\test-results\add-doctor-Veterinarian-Di-1a2ae-able-results-by-search-term-chromium\error-context.md
]]>
</failure>
<system-out>
<![CDATA[15:32:08 [[32minfo[39m] [CommonUtils]: STEP: Navigating to: https://farmdigits.outscalers.com/ 
15:32:16 [[32minfo[39m] [CommonUtils]: STEP: Waiting for page to load 
15:32:34 [[32minfo[39m] [CommonUtils]: STEP: waitForTableUpdate {
  "0": "5",
  "1": "0",
  "2": "0",
  "3": "m",
  "4": "s"
}

[[ATTACHMENT|test-results\add-doctor-Veterinarian-Di-1a2ae-able-results-by-search-term-chromium\test-failed-1.png]]

[[ATTACHMENT|test-results\add-doctor-Veterinarian-Di-1a2ae-able-results-by-search-term-chromium\video.webm]]

[[ATTACHMENT|test-results\add-doctor-Veterinarian-Di-1a2ae-able-results-by-search-term-chromium\error-context.md]]
]]>
</system-out>
</testcase>
<testcase name="Veterinarian Directory › should delete searched veterinarian" classname="add-doctor.spec.ts" time="30.15">
<system-out>
<![CDATA[15:32:08 [[32minfo[39m] [CommonUtils]: STEP: Navigating to: https://farmdigits.outscalers.com/ 
15:32:13 [[32minfo[39m] [CommonUtils]: STEP: Waiting for page to load 
15:32:33 [[32minfo[39m] [CommonUtils]: STEP: waitForTableUpdate {
  "0": "5",
  "1": "0",
  "2": "0",
  "3": "m",
  "4": "s"
}
Search result message displayed: "No veterinarians found. Add your first veterinarian to get started."
15:32:33 [[32minfo[39m] [CommonUtils]: STEP: getRowByName {
  "0": "D",
  "1": "a",
  "2": "m",
  "3": "o",
  "4": "n"
}
Veterinarian "Damon" not found, skipping delete.
]]>
</system-out>
</testcase>
<testcase name="Veterinarian Directory › should add a vaccine" classname="add-doctor.spec.ts" time="36.412">
<system-out>
<![CDATA[15:32:08 [[32minfo[39m] [CommonUtils]: STEP: Navigating to: https://farmdigits.outscalers.com/ 
15:32:14 [[32minfo[39m] [CommonUtils]: STEP: Waiting for page to load 
]]>
</system-out>
</testcase>
</testsuite>
</testsuites>