<testsuites id="" name="" tests="5" failures="0" skipped="0" errors="0" time="44.472932">
<testsuite name="health-vaccinations.spec.ts" timestamp="2025-09-16T06:02:14.017Z" hostname="chromium" tests="5" failures="0" skipped="0" time="183.025" errors="0">
<testcase name="Health&amp;Vaccinations Directory › should add a doctor" classname="health-vaccinations.spec.ts" time="36.71">
<system-out>
<![CDATA[11:02:20 [[32minfo[39m] [CommonUtils]: STEP: Navigating to: https://farmdigits.outscalers.com/ 
11:02:23 [[32minfo[39m] [CommonUtils]: STEP: Waiting for page to load 
]]>
</system-out>
</testcase>
<testcase name="Health&amp;Vaccinations Directory › should filter table results by search term" classname="health-vaccinations.spec.ts" time="36.644">
<system-out>
<![CDATA[11:02:20 [[32minfo[39m] [CommonUtils]: STEP: Navigating to: https://farmdigits.outscalers.com/ 
11:02:23 [[32minfo[39m] [CommonUtils]: STEP: Waiting for page to load 
11:02:41 [[32minfo[39m] [CommonUtils]: STEP: waitForTableUpdate {
  "0": "5",
  "1": "0",
  "2": "0",
  "3": "m",
  "4": "s"
}
Search returned no matches for "Damon"
]]>
</system-out>
</testcase>
<testcase name="Health&amp;Vaccinations Directory › should delete searched veterinarian" classname="health-vaccinations.spec.ts" time="35.764">
<system-out>
<![CDATA[11:02:20 [[32minfo[39m] [CommonUtils]: STEP: Navigating to: https://farmdigits.outscalers.com/ 
11:02:24 [[32minfo[39m] [CommonUtils]: STEP: Waiting for page to load 
11:02:41 [[32minfo[39m] [CommonUtils]: STEP: waitForTableUpdate {
  "0": "5",
  "1": "0",
  "2": "0",
  "3": "m",
  "4": "s"
}
Search returned no matches for "Damon"
11:02:42 [[32minfo[39m] [CommonUtils]: STEP: getRowByName {
  "0": "D",
  "1": "a",
  "2": "m",
  "3": "o",
  "4": "n"
}
Veterinarian "Damon" not found, skipping delete.
]]>
</system-out>
</testcase>
<testcase name="Health&amp;Vaccinations Directory › should add a vaccine" classname="health-vaccinations.spec.ts" time="35.971">
<system-out>
<![CDATA[11:02:26 [[32minfo[39m] [CommonUtils]: STEP: Navigating to: https://farmdigits.outscalers.com/ 
11:02:31 [[32minfo[39m] [CommonUtils]: STEP: Waiting for page to load 
]]>
</system-out>
</testcase>
<testcase name="Health&amp;Vaccinations Directory › Add Health Record:" classname="health-vaccinations.spec.ts" time="37.936">
<system-out>
<![CDATA[11:02:20 [[32minfo[39m] [CommonUtils]: STEP: Navigating to: https://farmdigits.outscalers.com/ 
11:02:23 [[32minfo[39m] [CommonUtils]: STEP: Waiting for page to load 
]]>
</system-out>
</testcase>
</testsuite>
</testsuites>