<testsuites id="" name="" tests="1" failures="0" skipped="0" errors="0" time="20.015938000000002">
<testsuite name="add-shed.spec.ts" timestamp="2025-09-08T12:52:35.277Z" hostname="chromium" tests="1" failures="0" skipped="0" time="11.456" errors="0">
<testcase name="Add Shed â€º should add a shed" classname="add-shed.spec.ts" time="11.456">
</testcase>
</testsuite>
</testsuites>