<testsuites id="" name="" tests="1" failures="0" skipped="0" errors="0" time="22.519482">
<testsuite name="add-doctor.spec.ts" timestamp="2025-09-10T10:39:54.712Z" hostname="chromium" tests="1" failures="0" skipped="0" time="19.177" errors="0">
<testcase name="Veterinarian Directory › should delete searched veterinarian" classname="add-doctor.spec.ts" time="19.177">
<system-out>
<![CDATA[15:39:56 [[32minfo[39m] [CommonUtils]: STEP: Navigating to: https://farmdigits.outscalers.com/ 
15:40:02 [[32minfo[39m] [CommonUtils]: STEP: Waiting for page to load 
15:40:12 [[32minfo[39m] [CommonUtils]: STEP: waitForTableUpdate {
  "0": "5",
  "1": "0",
  "2": "0",
  "3": "m",
  "4": "s"
}
ℹ️ Search returned no matches for "Damon"
15:40:15 [[32minfo[39m] [CommonUtils]: STEP: getRowByName {
  "0": "D",
  "1": "a",
  "2": "m",
  "3": "o",
  "4": "n"
}
Veterinarian "Damon" not found, skipping delete.
]]>
</system-out>
</testcase>
</testsuite>
</testsuites>