<testsuites id="" name="" tests="1" failures="1" skipped="0" errors="0" time="13.403418">
<testsuite name="add-doctor.spec.ts" timestamp="2025-09-10T07:05:58.485Z" hostname="chromium" tests="1" failures="1" skipped="0" time="10.269" errors="0">
<testcase name="Veterinarian Directory › should add a vaccine" classname="add-doctor.spec.ts" time="10.269">
<failure message="add-doctor.spec.ts:42:10 should add a vaccine" type="FAILURE">
<![CDATA[  [chromium] › add-doctor.spec.ts:42:10 › Veterinarian Directory › should add a vaccine ────────────

    Error: locator.waitFor: Error: strict mode violation: locator('button:has-text("Add Vaccine")') resolved to 2 elements:
        1) <button class="inline-flex items-center justify-center whitespace-nowrap rounded-md text-sm font-medium ring-offset-background transition-colors focus-visible:outline-none focus-visible:ring-2 focus-visible:ring-ring focus-visible:ring-offset-2 disabled:pointer-events-none disabled:opacity-50 text-primary-foreground h-10 px-4 py-2 bg-red-600 hover:bg-red-700 shadow-sm">…</button> aka getByLabel('Vaccines').getByText('Add Vaccine')
        2) <button class="inline-flex items-center justify-center whitespace-nowrap rounded-md text-sm font-medium ring-offset-background transition-colors focus-visible:outline-none focus-visible:ring-2 focus-visible:ring-ring focus-visible:ring-offset-2 disabled:pointer-events-none disabled:opacity-50 text-primary-foreground h-10 px-4 py-2 bg-blue-600 hover:bg-blue-700">Add Vaccine</button> aka getByRole('button', { name: 'Add Vaccine' })

    Call log:
      - waiting for locator('button:has-text("Add Vaccine")') to be visible


       at ..\src\utils\common-utils.ts:15

      13 |     this.logger.logElementInteraction('waitForElement', selector);
      14 |     const element = this.page.locator(selector);
    > 15 |     await element.waitFor({ state: 'visible', timeout });
         |                   ^
      16 |     return element;
      17 |   }
      18 |
        at CommonUtils.waitForElement (C:\Users\LENOVO\Desktop\Farm_Digit Automation Testing\src\utils\common-utils.ts:15:19)
        at CommonUtils.clickElement (C:\Users\LENOVO\Desktop\Farm_Digit Automation Testing\src\utils\common-utils.ts:24:36)
        at HealthAndVaccinationsPage.submitVaccineForm (C:\Users\LENOVO\Desktop\Farm_Digit Automation Testing\src\pages\Health&Vaccinations.ts:63:9)
        at HealthAndVaccinationsPage.openAndSubmitVaccineForm (C:\Users\LENOVO\Desktop\Farm_Digit Automation Testing\src\pages\Health&Vaccinations.ts:76:9)
        at C:\Users\LENOVO\Desktop\Farm_Digit Automation Testing\tests\add-doctor.spec.ts:46:9

    attachment #1: screenshot (image/png) ──────────────────────────────────────────────────────────
    ..\reports\current\test-results\add-doctor-Veterinarian-Directory-should-add-a-vaccine-chromium\test-failed-1.png
    ────────────────────────────────────────────────────────────────────────────────────────────────

    attachment #2: video (video/webm) ──────────────────────────────────────────────────────────────
    ..\reports\current\test-results\add-doctor-Veterinarian-Directory-should-add-a-vaccine-chromium\video.webm
    ────────────────────────────────────────────────────────────────────────────────────────────────

    Error Context: ..\reports\current\test-results\add-doctor-Veterinarian-Directory-should-add-a-vaccine-chromium\error-context.md
]]>
</failure>
<system-out>
<![CDATA[12:06:00 [[32minfo[39m] [CommonUtils]: STEP: Navigating to: https://farmdigits.outscalers.com/ 
12:06:02 [[32minfo[39m] [CommonUtils]: STEP: Waiting for page to load 
12:06:08 [[33mwarn[39m] [CommonUtils]: Click attempt 1 failed, retrying... {
  "selector": "button:has-text(\"Add Vaccine\")",
  "error": {
    "name": "Error"
  }
}
12:06:09 [[33mwarn[39m] [CommonUtils]: Click attempt 2 failed, retrying... {
  "selector": "button:has-text(\"Add Vaccine\")",
  "error": {
    "name": "Error"
  }
}

[[ATTACHMENT|test-results\add-doctor-Veterinarian-Directory-should-add-a-vaccine-chromium\test-failed-1.png]]

[[ATTACHMENT|test-results\add-doctor-Veterinarian-Directory-should-add-a-vaccine-chromium\video.webm]]

[[ATTACHMENT|test-results\add-doctor-Veterinarian-Directory-should-add-a-vaccine-chromium\error-context.md]]
]]>
</system-out>
</testcase>
</testsuite>
</testsuites>