<testsuites id="" name="" tests="1" failures="0" skipped="0" errors="0" time="19.151153">
<testsuite name="add-doctor.spec.ts" timestamp="2025-09-10T09:18:26.222Z" hostname="chromium" tests="1" failures="0" skipped="0" time="15.728" errors="0">
<testcase name="Veterinarian Directory › should delete searched veterinarian" classname="add-doctor.spec.ts" time="15.728">
<system-out>
<![CDATA[14:18:28 [[32minfo[39m] [CommonUtils]: STEP: Navigating to: https://farmdigits.outscalers.com/ 
14:18:31 [[32minfo[39m] [CommonUtils]: STEP: Waiting for page to load 
14:18:42 [[32minfo[39m] [CommonUtils]: STEP: waitForTableUpdate {
  "0": "5",
  "1": "0",
  "2": "0",
  "3": "m",
  "4": "s"
}
ℹ️ Search result message displayed: "No veterinarians found. Add your first veterinarian to get started."
14:18:43 [[32minfo[39m] [CommonUtils]: STEP: getRowByName {
  "0": "D",
  "1": "o",
  "2": "l",
  "3": "a",
  "4": "n"
}
Veterinarian "Dolan" not found, skipping delete.
]]>
</system-out>
</testcase>
</testsuite>
</testsuites>