<testsuites id="" name="" tests="1" failures="0" skipped="0" errors="0" time="17.232347">
<testsuite name="change-logo.spec.ts" timestamp="2025-09-04T11:31:07.387Z" hostname="chromium" tests="1" failures="0" skipped="0" time="13.333" errors="0">
<testcase name="Add Shed â€º should add a shed" classname="change-logo.spec.ts" time="13.333">
<system-out>
<![CDATA[16:31:09 [[32minfo[39m] [CommonUtils]: STEP: Navigating to: https://farmdigits.outscalers.com/ 
16:31:12 [[32minfo[39m] [CommonUtils]: STEP: Waiting for page to load 
]]>
</system-out>
</testcase>
</testsuite>
</testsuites>