<testsuites id="" name="" tests="1" failures="0" skipped="1" errors="0" time="41.083923000000006">
<testsuite name="add-doctor.spec.ts" timestamp="2025-09-10T05:31:01.796Z" hostname="chromium" tests="1" failures="0" skipped="1" time="36.969" errors="0">
<testcase name="Veterinarian Directory â€º should add a vaccine" classname="add-doctor.spec.ts" time="36.969">
<skipped>
</skipped>
</testcase>
</testsuite>
</testsuites>