<testsuites id="" name="" tests="3" failures="1" skipped="0" errors="0" time="23.108649">
<testsuite name="add-doctor.spec.ts" timestamp="2025-09-09T06:59:21.102Z" hostname="chromium" tests="3" failures="1" skipped="0" time="28.857" errors="0">
<testcase name="Veterinarian Directory › should add a doctor" classname="add-doctor.spec.ts" time="9.326">
</testcase>
<testcase name="Veterinarian Directory › should filter table results by search term" classname="add-doctor.spec.ts" time="9.857">
</testcase>
<testcase name="Veterinarian Directory › should delete searched veterinarian" classname="add-doctor.spec.ts" time="9.674">
<failure message="add-doctor.spec.ts:30:9 should delete searched veterinarian" type="FAILURE">
<![CDATA[  [chromium] › add-doctor.spec.ts:30:9 › Veterinarian Directory › should delete searched veterinarian 

    Error: locator.click: Error: strict mode violation: locator('table tbody tr').filter({ hasText: 'Musa' }).locator('button').locator('svg.lucide-trash2') resolved to 2 elements:
        1) <svg width="24" height="24" fill="none" stroke-width="2" viewBox="0 0 24 24" stroke="currentColor" stroke-linecap="round" stroke-linejoin="round" xmlns="http://www.w3.org/2000/svg" class="lucide lucide-trash2 h-4 w-4">…</svg> aka getByRole('row', { name: 'Musa Khan +923002298301 Dk' }).getByRole('button').nth(2)
        2) <svg width="24" height="24" fill="none" stroke-width="2" viewBox="0 0 24 24" stroke="currentColor" stroke-linecap="round" stroke-linejoin="round" xmlns="http://www.w3.org/2000/svg" class="lucide lucide-trash2 h-4 w-4">…</svg> aka getByRole('row', { name: 'Musa +923002298301 Dk 524,' }).getByRole('button').nth(2)

    Call log:
      - waiting for locator('table tbody tr').filter({ hasText: 'Musa' }).locator('button').locator('svg.lucide-trash2')


       at ..\src\pages\Health&Vaccinations.ts:61

      59 |         const deleteButton = row.locator('button >> svg.lucide-trash2');
      60 |       
    > 61 |         await deleteButton.click({ force: true });
         |                            ^
      62 |       
      63 |         // Handle confirmation if needed
      64 |         this.page.on('dialog', async (dialog) => {
        at HealthAndVaccinationsPage.deleteVeterinarian (C:\Users\LENOVO\Desktop\Farm_Digit Automation Testing\src\pages\Health&Vaccinations.ts:61:28)
        at C:\Users\LENOVO\Desktop\Farm_Digit Automation Testing\tests\add-doctor.spec.ts:35:37

    attachment #1: screenshot (image/png) ──────────────────────────────────────────────────────────
    ..\reports\current\test-results\add-doctor-Veterinarian-Di-4598a-elete-searched-veterinarian-chromium\test-failed-1.png
    ────────────────────────────────────────────────────────────────────────────────────────────────

    attachment #2: video (video/webm) ──────────────────────────────────────────────────────────────
    ..\reports\current\test-results\add-doctor-Veterinarian-Di-4598a-elete-searched-veterinarian-chromium\video.webm
    ────────────────────────────────────────────────────────────────────────────────────────────────

    Error Context: ..\reports\current\test-results\add-doctor-Veterinarian-Di-4598a-elete-searched-veterinarian-chromium\error-context.md
]]>
</failure>
<system-out>
<![CDATA[
[[ATTACHMENT|test-results\add-doctor-Veterinarian-Di-4598a-elete-searched-veterinarian-chromium\test-failed-1.png]]

[[ATTACHMENT|test-results\add-doctor-Veterinarian-Di-4598a-elete-searched-veterinarian-chromium\video.webm]]

[[ATTACHMENT|test-results\add-doctor-Veterinarian-Di-4598a-elete-searched-veterinarian-chromium\error-context.md]]
]]>
</system-out>
</testcase>
</testsuite>
</testsuites>