<testsuites id="" name="" tests="1" failures="0" skipped="0" errors="0" time="16.646184">
<testsuite name="add-doctor.spec.ts" timestamp="2025-09-10T07:31:02.146Z" hostname="chromium" tests="1" failures="0" skipped="0" time="13.009" errors="0">
<testcase name="Veterinarian Directory â€º should add a vaccine" classname="add-doctor.spec.ts" time="13.009">
<system-out>
<![CDATA[12:31:04 [[32minfo[39m] [CommonUtils]: STEP: Navigating to: https://farmdigits.outscalers.com/ 
12:31:06 [[32minfo[39m] [CommonUtils]: STEP: Waiting for page to load 
]]>
</system-out>
</testcase>
</testsuite>
</testsuites>