<testsuites id="" name="" tests="9" failures="0" skipped="0" errors="0" time="74.702905">
<testsuite name="add-animal.spec.ts" timestamp="2025-09-16T05:47:21.750Z" hostname="chromium" tests="1" failures="0" skipped="0" time="43.361" errors="0">
<testcase name="Add Shed › should add a shed" classname="add-animal.spec.ts" time="43.361">
<system-out>
<![CDATA[10:47:28 [[32minfo[39m] [CommonUtils]: STEP: Navigating to: https://farmdigits.outscalers.com/ 
10:47:31 [[32minfo[39m] [CommonUtils]: STEP: Waiting for page to load 
]]>
</system-out>
</testcase>
</testsuite>
<testsuite name="add-shed.spec.ts" timestamp="2025-09-16T05:47:21.750Z" hostname="chromium" tests="1" failures="0" skipped="0" time="39.463" errors="0">
<testcase name="Add Shed › should add a shed" classname="add-shed.spec.ts" time="39.463">
<system-out>
<![CDATA[10:47:27 [[32minfo[39m] [CommonUtils]: STEP: Navigating to: https://farmdigits.outscalers.com/ 
10:47:30 [[32minfo[39m] [CommonUtils]: STEP: Waiting for page to load 
]]>
</system-out>
</testcase>
</testsuite>
<testsuite name="change-logo.spec.ts" timestamp="2025-09-16T05:47:21.750Z" hostname="chromium" tests="1" failures="0" skipped="0" time="41.168" errors="0">
<testcase name="General Settings › should upload logo and save settings" classname="change-logo.spec.ts" time="41.168">
<system-out>
<![CDATA[10:47:28 [[32minfo[39m] [CommonUtils]: STEP: Navigating to: https://farmdigits.outscalers.com/ 
10:47:31 [[32minfo[39m] [CommonUtils]: STEP: Waiting for page to load 
]]>
</system-out>
</testcase>
</testsuite>
<testsuite name="health-vaccinations.spec.ts" timestamp="2025-09-16T05:47:21.750Z" hostname="chromium" tests="5" failures="0" skipped="0" time="137.332" errors="0">
<testcase name="Health&amp;Vaccinations Directory › should add a doctor" classname="health-vaccinations.spec.ts" time="33.47">
<system-out>
<![CDATA[10:47:28 [[32minfo[39m] [CommonUtils]: STEP: Navigating to: https://farmdigits.outscalers.com/ 
10:47:31 [[32minfo[39m] [CommonUtils]: STEP: Waiting for page to load 
]]>
</system-out>
</testcase>
<testcase name="Health&amp;Vaccinations Directory › should filter table results by search term" classname="health-vaccinations.spec.ts" time="35.565">
<system-out>
<![CDATA[10:47:29 [[32minfo[39m] [CommonUtils]: STEP: Navigating to: https://farmdigits.outscalers.com/ 
10:47:32 [[32minfo[39m] [CommonUtils]: STEP: Waiting for page to load 
10:47:49 [[32minfo[39m] [CommonUtils]: STEP: waitForTableUpdate {
  "0": "5",
  "1": "0",
  "2": "0",
  "3": "m",
  "4": "s"
}
Search returned no matches for "Damon"
]]>
</system-out>
</testcase>
<testcase name="Health&amp;Vaccinations Directory › should delete searched veterinarian" classname="health-vaccinations.spec.ts" time="10.579">
<system-out>
<![CDATA[10:48:00 [[32minfo[39m] [CommonUtils]: STEP: Navigating to: https://farmdigits.outscalers.com/ 
10:48:02 [[32minfo[39m] [CommonUtils]: STEP: Waiting for page to load 
10:48:08 [[32minfo[39m] [CommonUtils]: STEP: waitForTableUpdate {
  "0": "5",
  "1": "0",
  "2": "0",
  "3": "m",
  "4": "s"
}
Search returned no matches for "Damon"
10:48:09 [[32minfo[39m] [CommonUtils]: STEP: getRowByName {
  "0": "D",
  "1": "a",
  "2": "m",
  "3": "o",
  "4": "n"
}
Veterinarian "Damon" not found, skipping delete.
]]>
</system-out>
</testcase>
<testcase name="Health&amp;Vaccinations Directory › should add a vaccine" classname="health-vaccinations.spec.ts" time="30.012">
<system-out>
<![CDATA[10:48:04 [[32minfo[39m] [CommonUtils]: STEP: Navigating to: https://farmdigits.outscalers.com/ 
10:48:08 [[32minfo[39m] [CommonUtils]: STEP: Waiting for page to load 
]]>
</system-out>
</testcase>
<testcase name="Health&amp;Vaccinations Directory › Add Health Record:" classname="health-vaccinations.spec.ts" time="27.706">
<system-out>
<![CDATA[10:48:06 [[32minfo[39m] [CommonUtils]: STEP: Navigating to: https://farmdigits.outscalers.com/ 
10:48:10 [[32minfo[39m] [CommonUtils]: STEP: Waiting for page to load 
]]>
</system-out>
</testcase>
</testsuite>
<testsuite name="login.spec.ts" timestamp="2025-09-16T05:47:21.750Z" hostname="chromium" tests="1" failures="0" skipped="0" time="25.825" errors="0">
<testcase name="Farm Digit Login › should login successfully with standard user" classname="login.spec.ts" time="25.825">
<system-out>
<![CDATA[10:48:09 [[32minfo[39m] [CommonUtils]: STEP: Navigating to: https://farmdigits.outscalers.com/ 
10:48:12 [[32minfo[39m] [CommonUtils]: STEP: Waiting for page to load 
]]>
</system-out>
</testcase>
</testsuite>
</testsuites>