<testsuites id="" name="" tests="1" failures="0" skipped="0" errors="0" time="29.474541000000002">
<testsuite name="add-shed.spec.ts" timestamp="2025-09-08T12:46:57.351Z" hostname="chromium" tests="1" failures="0" skipped="0" time="17.39" errors="0">
<testcase name="Add Shed â€º should add a shed" classname="add-shed.spec.ts" time="17.39">
</testcase>
</testsuite>
</testsuites>