<testsuites id="" name="" tests="2" failures="0" skipped="0" errors="0" time="18.453668">
<testsuite name="add-doctor.spec.ts" timestamp="2025-09-09T06:32:16.226Z" hostname="chromium" tests="2" failures="0" skipped="0" time="12.744" errors="0">
<testcase name="Veterinarian Directory › should add a doctor" classname="add-doctor.spec.ts" time="6.595">
</testcase>
<testcase name="Veterinarian Directory › should filter table results by search term" classname="add-doctor.spec.ts" time="6.149">
</testcase>
</testsuite>
</testsuites>