<testsuites id="" name="" tests="1" failures="1" skipped="0" errors="0" time="28.789221">
<testsuite name="add-doctor.spec.ts" timestamp="2025-09-10T07:20:25.294Z" hostname="chromium" tests="1" failures="1" skipped="0" time="25.671" errors="0">
<testcase name="Veterinarian Directory › should add a vaccine" classname="add-doctor.spec.ts" time="25.671">
<failure message="add-doctor.spec.ts:42:10 should add a vaccine" type="FAILURE">
<![CDATA[  [chromium] › add-doctor.spec.ts:42:10 › Veterinarian Directory › should add a vaccine ────────────

    TimeoutError: locator.click: Timeout 5000ms exceeded.
    Call log:
      - waiting for locator('button:has-text("Add Vaccine")').first()
        - locator resolved to <button class="inline-flex items-center justify-center whitespace-nowrap rounded-md text-sm font-medium ring-offset-background transition-colors focus-visible:outline-none focus-visible:ring-2 focus-visible:ring-ring focus-visible:ring-offset-2 disabled:pointer-events-none disabled:opacity-50 text-primary-foreground h-10 px-4 py-2 bg-red-600 hover:bg-red-700 shadow-sm">…</button>
      - attempting click action
        2 × waiting for element to be visible, enabled and stable
          - element is visible, enabled and stable
          - scrolling into view if needed
          - done scrolling
          - <div data-state="open" aria-hidden="true" data-aria-hidden="true" class="fixed inset-0 z-50 bg-black/40 backdrop-blur-sm data-[state=open]:animate-in data-[state=closed]:animate-out data-[state=closed]:fade-out-0 data-[state=open]:fade-in-0"></div> intercepts pointer events
        - retrying click action
        - waiting 20ms
        2 × waiting for element to be visible, enabled and stable
          - element is visible, enabled and stable
          - scrolling into view if needed
          - done scrolling
          - <div data-state="open" aria-hidden="true" data-aria-hidden="true" class="fixed inset-0 z-50 bg-black/40 backdrop-blur-sm data-[state=open]:animate-in data-[state=closed]:animate-out data-[state=closed]:fade-out-0 data-[state=open]:fade-in-0"></div> intercepts pointer events
        - retrying click action
          - waiting 100ms
        9 × waiting for element to be visible, enabled and stable
          - element is visible, enabled and stable
          - scrolling into view if needed
          - done scrolling
          - <div data-state="open" aria-hidden="true" data-aria-hidden="true" class="fixed inset-0 z-50 bg-black/40 backdrop-blur-sm data-[state=open]:animate-in data-[state=closed]:animate-out data-[state=closed]:fade-out-0 data-[state=open]:fade-in-0"></div> intercepts pointer events
        - retrying click action
          - waiting 500ms


       at ..\src\utils\common-utils.ts:30

      28 |   
      29 |         await element.waitFor({ state: 'visible' }); // ensure visible
    > 30 |         await element.click({ timeout: 5000 });
         |                       ^
      31 |         return;
      32 |       } catch (error) {
      33 |         if (i === retries - 1) throw error;
        at CommonUtils.clickElement (C:\Users\LENOVO\Desktop\Farm_Digit Automation Testing\src\utils\common-utils.ts:30:23)
        at HealthAndVaccinationsPage.submitVaccineForm (C:\Users\LENOVO\Desktop\Farm_Digit Automation Testing\src\pages\Health&Vaccinations.ts:63:9)
        at HealthAndVaccinationsPage.openAndSubmitVaccineForm (C:\Users\LENOVO\Desktop\Farm_Digit Automation Testing\src\pages\Health&Vaccinations.ts:76:9)
        at C:\Users\LENOVO\Desktop\Farm_Digit Automation Testing\tests\add-doctor.spec.ts:46:9

    attachment #1: screenshot (image/png) ──────────────────────────────────────────────────────────
    ..\reports\current\test-results\add-doctor-Veterinarian-Directory-should-add-a-vaccine-chromium\test-failed-1.png
    ────────────────────────────────────────────────────────────────────────────────────────────────

    attachment #2: video (video/webm) ──────────────────────────────────────────────────────────────
    ..\reports\current\test-results\add-doctor-Veterinarian-Directory-should-add-a-vaccine-chromium\video.webm
    ────────────────────────────────────────────────────────────────────────────────────────────────

    Error Context: ..\reports\current\test-results\add-doctor-Veterinarian-Directory-should-add-a-vaccine-chromium\error-context.md
]]>
</failure>
<system-out>
<![CDATA[12:20:27 [[32minfo[39m] [CommonUtils]: STEP: Navigating to: https://farmdigits.outscalers.com/ 
12:20:29 [[32minfo[39m] [CommonUtils]: STEP: Waiting for page to load 
12:20:40 [[33mwarn[39m] [CommonUtils]: Click attempt 1 failed, retrying... {
  "selector": "button:has-text(\"Add Vaccine\")",
  "error": {
    "name": "TimeoutError"
  }
}
12:20:46 [[33mwarn[39m] [CommonUtils]: Click attempt 2 failed, retrying... {
  "selector": "button:has-text(\"Add Vaccine\")",
  "error": {
    "name": "TimeoutError"
  }
}

[[ATTACHMENT|test-results\add-doctor-Veterinarian-Directory-should-add-a-vaccine-chromium\test-failed-1.png]]

[[ATTACHMENT|test-results\add-doctor-Veterinarian-Directory-should-add-a-vaccine-chromium\video.webm]]

[[ATTACHMENT|test-results\add-doctor-Veterinarian-Directory-should-add-a-vaccine-chromium\error-context.md]]
]]>
</system-out>
</testcase>
</testsuite>
</testsuites>